<?xml version="1.0" encoding="UTF-8"?>
<!-- Generated by org.testng.reporters.JUnitReportReporter -->
<testsuite hostname="BrendenT" name="com.booj.sauce.sauce_framework.BairdSauceTest" tests="1" failures="0" timestamp="24 Feb 2015 18:06:15 GMT" time="11.780" errors="0">
  <testcase name="test_Account_Login_Page_Appear_Correct" time="11.780" classname="com.booj.sauce.sauce_framework.BairdSauceTest"/>
</testsuite> <!-- com.booj.sauce.sauce_framework.BairdSauceTest -->
