<?xml version="1.0" encoding="UTF-8"?>
<!-- Generated by org.testng.reporters.JUnitReportReporter -->
<testsuite hostname="BrendenT" name="com.booj.sauce.sauce_framework.BairdSaucePassTest" tests="1" failures="0" timestamp="25 Feb 2015 04:01:07 GMT" time="19.539" errors="0">
  <testcase name="test_Account_Login_Page_Appear_Correct_Pass" time="19.539" classname="com.booj.sauce.sauce_framework.BairdSaucePassTest"/>
</testsuite> <!-- com.booj.sauce.sauce_framework.BairdSaucePassTest -->
